<?xml version="1.0" encoding="UTF-8"?>
<!-- Generated by org.testng.reporters.JUnitXMLReporter -->
<testsuite ignored="0" hostname="LAPTOP-1826LOER" failures="0" tests="6" name="Default test" time="44.207" errors="0" timestamp="2024-11-09T07:57:44 IST">
  <testcase classname="datadriven.TestRegister" name="testRegister" time="2.332"/>
  <testcase classname="datadriven.TestRegister" name="testRegister" time="1.607"/>
  <testcase classname="datadriven.TestRegister" name="testRegister" time="1.679"/>
  <testcase classname="datadriven.TestRegister" name="testRegister" time="1.742"/>
  <testcase classname="datadriven.TestRegister" name="testRegister" time="1.929"/>
  <testcase classname="datadriven.TestRegister" name="testRegister" time="1.598"/>
</testsuite> <!-- Default test -->
