<?xml version="1.0" encoding="UTF-8"?>
<testng-results ignored="0" total="6" passed="6" failed="0" skipped="0">
  <reporter-output>
  </reporter-output>
  <suite started-at="2024-11-09T07:57:00 IST" name="Default suite" finished-at="2024-11-09T07:57:44 IST" duration-ms="44207">
    <groups>
    </groups>
    <test started-at="2024-11-09T07:57:00 IST" name="Default test" finished-at="2024-11-09T07:57:44 IST" duration-ms="44207">
      <class name="datadriven.TestRegister">
        <test-method is-config="true" signature="setUp()[pri:0, instance:datadriven.TestRegister@2ed2d9cb]" started-at="2024-11-09T07:57:00 IST" name="setUp" finished-at="2024-11-09T07:57:02 IST" duration-ms="1830" status="PASS">
          <reporter-output>
          </reporter-output>
        </test-method> <!-- setUp -->
        <test-method signature="testRegister(java.lang.String,java.lang.String,java.lang.String,java.lang.String)[pri:0, instance:datadriven.TestRegister@2ed2d9cb]" started-at="2024-11-09T07:57:02 IST" name="testRegister" data-provider="regdata" finished-at="2024-11-09T07:57:05 IST" duration-ms="2332" status="PASS">
          <params>
            <param index="0">
              <value>
                <![CDATA[shantosh]]>
              </value>
            </param>
            <param index="1">
              <value>
                <![CDATA[kumar]]>
              </value>
            </param>
            <param index="2">
              <value>
                <![CDATA[1234.0]]>
              </value>
            </param>
            <param index="3">
              <value>
                <![CDATA[shan@test.com]]>
              </value>
            </param>
          </params>
          <reporter-output>
          </reporter-output>
        </test-method> <!-- testRegister -->
        <test-method is-config="true" signature="tearDown()[pri:0, instance:datadriven.TestRegister@2ed2d9cb]" started-at="2024-11-09T07:57:05 IST" name="tearDown" finished-at="2024-11-09T07:57:09 IST" duration-ms="4158" status="PASS">
          <reporter-output>
          </reporter-output>
        </test-method> <!-- tearDown -->
        <test-method is-config="true" signature="setUp()[pri:0, instance:datadriven.TestRegister@2ed2d9cb]" started-at="2024-11-09T07:57:09 IST" name="setUp" finished-at="2024-11-09T07:57:10 IST" duration-ms="1121" status="PASS">
          <reporter-output>
          </reporter-output>
        </test-method> <!-- setUp -->
        <test-method signature="testRegister(java.lang.String,java.lang.String,java.lang.String,java.lang.String)[pri:0, instance:datadriven.TestRegister@2ed2d9cb]" started-at="2024-11-09T07:57:10 IST" name="testRegister" data-provider="regdata" finished-at="2024-11-09T07:57:11 IST" duration-ms="1607" status="PASS">
          <params>
            <param index="0">
              <value>
                <![CDATA[shantosh]]>
              </value>
            </param>
            <param index="1">
              <value>
                <![CDATA[kumar]]>
              </value>
            </param>
            <param index="2">
              <value>
                <![CDATA[1234.0]]>
              </value>
            </param>
            <param index="3">
              <value>
                <![CDATA[shan@test.com]]>
              </value>
            </param>
          </params>
          <reporter-output>
          </reporter-output>
        </test-method> <!-- testRegister -->
        <test-method is-config="true" signature="tearDown()[pri:0, instance:datadriven.TestRegister@2ed2d9cb]" started-at="2024-11-09T07:57:11 IST" name="tearDown" finished-at="2024-11-09T07:57:16 IST" duration-ms="4128" status="PASS">
          <reporter-output>
          </reporter-output>
        </test-method> <!-- tearDown -->
        <test-method is-config="true" signature="setUp()[pri:0, instance:datadriven.TestRegister@2ed2d9cb]" started-at="2024-11-09T07:57:16 IST" name="setUp" finished-at="2024-11-09T07:57:17 IST" duration-ms="1104" status="PASS">
          <reporter-output>
          </reporter-output>
        </test-method> <!-- setUp -->
        <test-method signature="testRegister(java.lang.String,java.lang.String,java.lang.String,java.lang.String)[pri:0, instance:datadriven.TestRegister@2ed2d9cb]" started-at="2024-11-09T07:57:17 IST" name="testRegister" data-provider="regdata" finished-at="2024-11-09T07:57:18 IST" duration-ms="1679" status="PASS">
          <params>
            <param index="0">
              <value>
                <![CDATA[shantosh]]>
              </value>
            </param>
            <param index="1">
              <value>
                <![CDATA[kumar]]>
              </value>
            </param>
            <param index="2">
              <value>
                <![CDATA[1234.0]]>
              </value>
            </param>
            <param index="3">
              <value>
                <![CDATA[shan@test.com]]>
              </value>
            </param>
          </params>
          <reporter-output>
          </reporter-output>
        </test-method> <!-- testRegister -->
        <test-method is-config="true" signature="tearDown()[pri:0, instance:datadriven.TestRegister@2ed2d9cb]" started-at="2024-11-09T07:57:18 IST" name="tearDown" finished-at="2024-11-09T07:57:23 IST" duration-ms="4162" status="PASS">
          <reporter-output>
          </reporter-output>
        </test-method> <!-- tearDown -->
        <test-method is-config="true" signature="setUp()[pri:0, instance:datadriven.TestRegister@2ed2d9cb]" started-at="2024-11-09T07:57:23 IST" name="setUp" finished-at="2024-11-09T07:57:24 IST" duration-ms="1127" status="PASS">
          <reporter-output>
          </reporter-output>
        </test-method> <!-- setUp -->
        <test-method signature="testRegister(java.lang.String,java.lang.String,java.lang.String,java.lang.String)[pri:0, instance:datadriven.TestRegister@2ed2d9cb]" started-at="2024-11-09T07:57:24 IST" name="testRegister" data-provider="regdata" finished-at="2024-11-09T07:57:25 IST" duration-ms="1742" status="PASS">
          <params>
            <param index="0">
              <value>
                <![CDATA[shantosh]]>
              </value>
            </param>
            <param index="1">
              <value>
                <![CDATA[kumar]]>
              </value>
            </param>
            <param index="2">
              <value>
                <![CDATA[1234.0]]>
              </value>
            </param>
            <param index="3">
              <value>
                <![CDATA[shan@test.com]]>
              </value>
            </param>
          </params>
          <reporter-output>
          </reporter-output>
        </test-method> <!-- testRegister -->
        <test-method is-config="true" signature="tearDown()[pri:0, instance:datadriven.TestRegister@2ed2d9cb]" started-at="2024-11-09T07:57:25 IST" name="tearDown" finished-at="2024-11-09T07:57:30 IST" duration-ms="4130" status="PASS">
          <reporter-output>
          </reporter-output>
        </test-method> <!-- tearDown -->
        <test-method is-config="true" signature="setUp()[pri:0, instance:datadriven.TestRegister@2ed2d9cb]" started-at="2024-11-09T07:57:30 IST" name="setUp" finished-at="2024-11-09T07:57:31 IST" duration-ms="1202" status="PASS">
          <reporter-output>
          </reporter-output>
        </test-method> <!-- setUp -->
        <test-method signature="testRegister(java.lang.String,java.lang.String,java.lang.String,java.lang.String)[pri:0, instance:datadriven.TestRegister@2ed2d9cb]" started-at="2024-11-09T07:57:31 IST" name="testRegister" data-provider="regdata" finished-at="2024-11-09T07:57:33 IST" duration-ms="1929" status="PASS">
          <params>
            <param index="0">
              <value>
                <![CDATA[shantosh]]>
              </value>
            </param>
            <param index="1">
              <value>
                <![CDATA[kumar]]>
              </value>
            </param>
            <param index="2">
              <value>
                <![CDATA[1234.0]]>
              </value>
            </param>
            <param index="3">
              <value>
                <![CDATA[shan@test.com]]>
              </value>
            </param>
          </params>
          <reporter-output>
          </reporter-output>
        </test-method> <!-- testRegister -->
        <test-method is-config="true" signature="tearDown()[pri:0, instance:datadriven.TestRegister@2ed2d9cb]" started-at="2024-11-09T07:57:33 IST" name="tearDown" finished-at="2024-11-09T07:57:37 IST" duration-ms="4153" status="PASS">
          <reporter-output>
          </reporter-output>
        </test-method> <!-- tearDown -->
        <test-method is-config="true" signature="setUp()[pri:0, instance:datadriven.TestRegister@2ed2d9cb]" started-at="2024-11-09T07:57:37 IST" name="setUp" finished-at="2024-11-09T07:57:38 IST" duration-ms="1125" status="PASS">
          <reporter-output>
          </reporter-output>
        </test-method> <!-- setUp -->
        <test-method signature="testRegister(java.lang.String,java.lang.String,java.lang.String,java.lang.String)[pri:0, instance:datadriven.TestRegister@2ed2d9cb]" started-at="2024-11-09T07:57:38 IST" name="testRegister" data-provider="regdata" finished-at="2024-11-09T07:57:40 IST" duration-ms="1598" status="PASS">
          <params>
            <param index="0">
              <value>
                <![CDATA[shantosh]]>
              </value>
            </param>
            <param index="1">
              <value>
                <![CDATA[kumar]]>
              </value>
            </param>
            <param index="2">
              <value>
                <![CDATA[1234.0]]>
              </value>
            </param>
            <param index="3">
              <value>
                <![CDATA[shan@test.com]]>
              </value>
            </param>
          </params>
          <reporter-output>
          </reporter-output>
        </test-method> <!-- testRegister -->
        <test-method is-config="true" signature="tearDown()[pri:0, instance:datadriven.TestRegister@2ed2d9cb]" started-at="2024-11-09T07:57:40 IST" name="tearDown" finished-at="2024-11-09T07:57:44 IST" duration-ms="4170" status="PASS">
          <reporter-output>
          </reporter-output>
        </test-method> <!-- tearDown -->
      </class> <!-- datadriven.TestRegister -->
    </test> <!-- Default test -->
  </suite> <!-- Default suite -->
</testng-results>
